<?xml version="1.0" encoding="UTF-8"?>
<!-- Generated by org.testng.reporters.JUnitReportReporter -->
<testsuite skipped="0" hostname="LAPTOP-6KM249G0" name="variousConcepts.LearnTestNG" tests="1" failures="0" timestamp="2022-02-03T18:30:39 EST" time="9.545" errors="0">
  <testcase name="addContactTest" time="9.545" classname="variousConcepts.LearnTestNG"/>
  <system-out/>
</testsuite> <!-- variousConcepts.LearnTestNG -->
