<?xml version="1.0" encoding="UTF-8"?>
<!-- Generated by org.testng.reporters.JUnitReportReporter -->
<testsuite skipped="0" hostname="LAPTOP-6KM249G0" name="variousConcepts.LearnWindowHandle" tests="1" failures="0" timestamp="2022-01-25T09:11:08 EST" time="3.600" errors="0">
  <testcase name="testWindowHandle" time="3.600" classname="variousConcepts.LearnWindowHandle"/>
  <system-out/>
</testsuite> <!-- variousConcepts.LearnWindowHandle -->
